Using pre-set license
Built from '2020.3/staging' branch; Version is '2020.3.16f1 (049d6eca3c44) revision 302446'; Using compiler version '192528614'; Build Type 'Release'
OS: 'Windows 10 Pro; OS build 19042.1165; Version 2009; 64bit' Language: 'ru' Physical Memory: 6013 MB
BatchMode: 1, IsHumanControllingUs: 0, StartBugReporterOnCrash: 0, Is64bit: 1, IsPro: 0

 COMMAND LINE ARGUMENTS:
C:\Users\Admin\Documents\GitHub\2020.3.16f1\Editor\Unity.exe
-adb2
-batchMode
-noUpm
-name
AssetImportWorker0
-projectPath
C:/Users/Admin/Documents/GitHub/RunningDino/game/basicGame
-logFile
Logs/AssetImportWorker0.log
-srvPort
63425
Successfully changed project path to: C:/Users/Admin/Documents/GitHub/RunningDino/game/basicGame
C:/Users/Admin/Documents/GitHub/RunningDino/game/basicGame
Using Asset Import Pipeline V2.
Refreshing native plugins compatible for Editor in 57.63 ms, found 2 plugins.
Preloading 0 native plugins for Editor in 0.00 ms.
Initialize engine version: 2020.3.16f1 (049d6eca3c44)
[Subsystems] Discovering subsystems at path C:/Users/Admin/Documents/GitHub/2020.3.16f1/Editor/Data/Resources/UnitySubsystems
[Subsystems] Discovering subsystems at path C:/Users/Admin/Documents/GitHub/RunningDino/game/basicGame/Assets
GfxDevice: creating device client; threaded=0
Direct3D:
    Version:  Direct3D 11.0 [level 11.1]
    Renderer: AMD Radeon(TM) Graphics (ID=0x1636)
    Vendor:   
    VRAM:     3006 MB
    Driver:   27.20.11044.4003
Initialize mono
Mono path[0] = 'C:/Users/Admin/Documents/GitHub/2020.3.16f1/Editor/Data/Managed'
Mono path[1] = 'C:/Users/Admin/Documents/GitHub/2020.3.16f1/Editor/Data/MonoBleedingEdge/lib/mono/unityjit'
Mono config path = 'C:/Users/Admin/Documents/GitHub/2020.3.16f1/Editor/Data/MonoBleedingEdge/etc'
Using monoOptions --debugger-agent=transport=dt_socket,embedding=1,server=y,suspend=n,address=127.0.0.1:56924
Begin MonoManager ReloadAssembly
Registering precompiled unity dll's ...
Register platform support module: C:/Users/Admin/Documents/GitHub/2020.3.16f1/Editor/Data/PlaybackEngines/MacStandaloneSupport/UnityEditor.OSXStandalone.Extensions.dll
Register platform support module: C:/Users/Admin/Documents/GitHub/2020.3.16f1/Editor/Data/PlaybackEngines/WindowsStandaloneSupport/UnityEditor.WindowsStandalone.Extensions.dll
Registered in 0.003413 seconds.
Native extension for WindowsStandalone target not found
Native extension for OSXStandalone target not found
Refreshing native plugins compatible for Editor in 52.04 ms, found 2 plugins.
Preloading 0 native plugins for Editor in 0.00 ms.
Mono: successfully reloaded assembly
- Completed reload, in  2.044 seconds
Domain Reload Profiling:
	ReloadAssembly (2044ms)
		BeginReloadAssembly (93ms)
			ExecutionOrderSort (0ms)
			DisableScriptedObjects (0ms)
			BackupInstance (0ms)
			ReleaseScriptingObjects (0ms)
			CreateAndSetChildDomain (1ms)
		EndReloadAssembly (757ms)
			LoadAssemblies (88ms)
			RebuildTransferFunctionScriptingTraits (0ms)
			SetupTypeCache (260ms)
			ReleaseScriptCaches (0ms)
			RebuildScriptCaches (54ms)
			SetupLoadedEditorAssemblies (316ms)
				LogAssemblyErrors (0ms)
				InitializePlatformSupportModulesInManaged (8ms)
				SetLoadedEditorAssemblies (1ms)
				RefreshPlugins (52ms)
				BeforeProcessingInitializeOnLoad (17ms)
				ProcessInitializeOnLoadAttributes (182ms)
				ProcessInitializeOnLoadMethodAttributes (55ms)
				AfterProcessingInitializeOnLoad (0ms)
				EditorAssembliesLoaded (0ms)
			ExecutionOrderSort2 (0ms)
			AwakeInstancesAfterBackupRestoration (0ms)
Platform modules already initialized, skipping
Registering precompiled user dll's ...
Registered in 0.006510 seconds.
Begin MonoManager ReloadAssembly
Native extension for WindowsStandalone target not found
Native extension for OSXStandalone target not found
Refreshing native plugins compatible for Editor in 0.45 ms, found 2 plugins.
Preloading 0 native plugins for Editor in 0.00 ms.
Mono: successfully reloaded assembly
- Completed reload, in  2.046 seconds
Domain Reload Profiling:
	ReloadAssembly (2048ms)
		BeginReloadAssembly (311ms)
			ExecutionOrderSort (0ms)
			DisableScriptedObjects (7ms)
			BackupInstance (0ms)
			ReleaseScriptingObjects (0ms)
			CreateAndSetChildDomain (32ms)
		EndReloadAssembly (1630ms)
			LoadAssemblies (173ms)
			RebuildTransferFunctionScriptingTraits (0ms)
			SetupTypeCache (440ms)
			ReleaseScriptCaches (1ms)
			RebuildScriptCaches (68ms)
			SetupLoadedEditorAssemblies (813ms)
				LogAssemblyErrors (0ms)
				InitializePlatformSupportModulesInManaged (10ms)
				SetLoadedEditorAssemblies (1ms)
				RefreshPlugins (1ms)
				BeforeProcessingInitializeOnLoad (92ms)
				ProcessInitializeOnLoadAttributes (680ms)
				ProcessInitializeOnLoadMethodAttributes (12ms)
				AfterProcessingInitializeOnLoad (17ms)
				EditorAssembliesLoaded (1ms)
			ExecutionOrderSort2 (0ms)
			AwakeInstancesAfterBackupRestoration (17ms)
Platform modules already initialized, skipping
========================================================================
Worker process is ready to serve import requests
Launched and connected shader compiler UnityShaderCompiler.exe after 0.16 seconds
Refreshing native plugins compatible for Editor in 0.64 ms, found 2 plugins.
Preloading 0 native plugins for Editor in 0.00 ms.
Unloading 1407 Unused Serialized files (Serialized files now loaded: 0)
System memory in use before: 65.3 MB.
System memory in use after: 65.4 MB.

Unloading 18 unused Assets to reduce memory usage. Loaded Objects now: 1840.
Total: 6.427900 ms (FindLiveObjects: 0.268700 ms CreateObjectMapping: 0.085400 ms MarkObjects: 5.928200 ms  DeleteObjects: 0.142900 ms)

AssetImportParameters requested are different than current active one (requested -> active):
  custom:framework-win-MediaFoundation: 216162199b28c13a410421893ffa2e32 -> 
  custom:video-decoder-ogg-theora: a1e56fd34408186e4bbccfd4996cb3dc -> 
  custom:container-muxer-webm: aa71ff27fc2769a1b78a27578f13a17b -> 
  custom:container-demuxer-webm: 4f35f7cbe854078d1ac9338744f61a02 -> 
  custom:container-demuxer-ogg: 62fdf1f143b41e24485cea50d1cbac27 -> 
  custom:video-encoder-webm-vp8: eb34c28f22e8b96e1ab97ce403110664 -> 
  custom:video-decoder-webm-vp8: 9c59270c3fd7afecdb556c50c9e8de78 -> 
  custom:audio-decoder-ogg-vorbis: bf7c407c2cedff20999df2af8eb42d56 -> 
  custom:audio-encoder-webm-vorbis: bf7c407c2cedff20999df2af8eb42d56 -> 
========================================================================
Received Import Request.
  path: Assets/Scenes/Menu.unity
  artifactKey: Guid(17432283fcec9574798840dae11fbf61) Importer(815301076,1909f56bfc062723c751e8b465ee728b)
Start importing Assets/Scenes/Menu.unity using Guid(17432283fcec9574798840dae11fbf61) Importer(815301076,1909f56bfc062723c751e8b465ee728b)  -> (artifact id: '4f7b9c3326b5f2350dc80a1f71e963b8') in 0.036442 seconds 
  Import took 0.041794 seconds .

========================================================================
Received Import Request.
  Time since last request: 86.982151 seconds.
  path: Assets/Resources/barrel.png
  artifactKey: Guid(0ea5d6eee3050ab4794d01ada8bb8b46) Importer(815301076,1909f56bfc062723c751e8b465ee728b)
Start importing Assets/Resources/barrel.png using Guid(0ea5d6eee3050ab4794d01ada8bb8b46) Importer(815301076,1909f56bfc062723c751e8b465ee728b)  -> (artifact id: 'eebe44da8b0e4977014d1b06dd3dd806') in 0.381095 seconds 
  Import took 0.390437 seconds .

========================================================================
Received Import Request.
  Time since last request: 0.000532 seconds.
  path: Assets/Resources/bush.png
  artifactKey: Guid(ed34d406b5b0f41ec9d22fe6815185c7) Importer(815301076,1909f56bfc062723c751e8b465ee728b)
Start importing Assets/Resources/bush.png using Guid(ed34d406b5b0f41ec9d22fe6815185c7) Importer(815301076,1909f56bfc062723c751e8b465ee728b)  -> (artifact id: '267d2b13155dd73be9fbcbf5fad92648') in 0.065173 seconds 
  Import took 0.070184 seconds .

========================================================================
Received Import Request.
  Time since last request: 0.000212 seconds.
  path: Assets/Resources/MenuLogo.png
  artifactKey: Guid(94d838ec01ff0cb4b95db68aa3e4dab1) Importer(815301076,1909f56bfc062723c751e8b465ee728b)
Start importing Assets/Resources/MenuLogo.png using Guid(94d838ec01ff0cb4b95db68aa3e4dab1) Importer(815301076,1909f56bfc062723c751e8b465ee728b)  -> (artifact id: 'bf7ec75c17b9482eab3f213563122e1e') in 0.042994 seconds 
  Import took 0.049995 seconds .

========================================================================
Received Import Request.
  Time since last request: 0.001402 seconds.
  path: Assets/Resources/Heart.jpg
  artifactKey: Guid(f07aa50cb7c29314c9323682665e6540) Importer(815301076,1909f56bfc062723c751e8b465ee728b)
Start importing Assets/Resources/Heart.jpg using Guid(f07aa50cb7c29314c9323682665e6540) Importer(815301076,1909f56bfc062723c751e8b465ee728b)  -> (artifact id: 'ff2564add17857dfff476c529c889817') in 0.053089 seconds 
  Import took 0.060204 seconds .

========================================================================
Received Import Request.
  Time since last request: 0.000315 seconds.
  path: Assets/Resources/tree.png
  artifactKey: Guid(8bf1d235c0e8e4639b3e717aa3160788) Importer(815301076,1909f56bfc062723c751e8b465ee728b)
Start importing Assets/Resources/tree.png using Guid(8bf1d235c0e8e4639b3e717aa3160788) Importer(815301076,1909f56bfc062723c751e8b465ee728b)  -> (artifact id: '868d36c75197ca202639ca983c6850eb') in 0.039889 seconds 
  Import took 0.044475 seconds .

========================================================================
Received Import Request.
  Time since last request: 0.000725 seconds.
  path: Assets/Resources/Player.png
  artifactKey: Guid(1ccd8d36f44b04942925b1bfe4672591) Importer(815301076,1909f56bfc062723c751e8b465ee728b)
Start importing Assets/Resources/Player.png using Guid(1ccd8d36f44b04942925b1bfe4672591) Importer(815301076,1909f56bfc062723c751e8b465ee728b)  -> (artifact id: '134a1fdea5ad51e368470b873995f7f3') in 0.039789 seconds 
  Import took 0.050736 seconds .

========================================================================
Received Import Request.
  Time since last request: 0.000327 seconds.
  path: Assets/Resources/evening.jpg
  artifactKey: Guid(fb3d90355135745fb8afe0c0dd9b3123) Importer(815301076,1909f56bfc062723c751e8b465ee728b)
Start importing Assets/Resources/evening.jpg using Guid(fb3d90355135745fb8afe0c0dd9b3123) Importer(815301076,1909f56bfc062723c751e8b465ee728b)  -> (artifact id: 'ed8178b2c464e165f3ac7cc35eae1af8') in 0.067235 seconds 
  Import took 0.072052 seconds .

========================================================================
Received Import Request.
  Time since last request: 0.000383 seconds.
  path: Assets/Resources/EndImage.png
  artifactKey: Guid(76630802ab0ce574ca8a9a339591f51f) Importer(815301076,1909f56bfc062723c751e8b465ee728b)
Start importing Assets/Resources/EndImage.png using Guid(76630802ab0ce574ca8a9a339591f51f) Importer(815301076,1909f56bfc062723c751e8b465ee728b)  -> (artifact id: '54af374f2aaf1f5e88f2d7481e9d6dab') in 0.039637 seconds 
  Import took 0.044648 seconds .

========================================================================
Received Import Request.
  Time since last request: 0.000413 seconds.
  path: Assets/Resources/stone.png
  artifactKey: Guid(29d1f437d8445416aaf9e698149dc206) Importer(815301076,1909f56bfc062723c751e8b465ee728b)
Start importing Assets/Resources/stone.png using Guid(29d1f437d8445416aaf9e698149dc206) Importer(815301076,1909f56bfc062723c751e8b465ee728b)  -> (artifact id: '5256c9d1f8a265b98495684afeafd4f9') in 0.038275 seconds 
  Import took 0.045888 seconds .

========================================================================
Received Import Request.
  Time since last request: 0.000547 seconds.
  path: Assets/Resources/dollar.png
  artifactKey: Guid(6000be1f154414b179a1f59db497dad0) Importer(815301076,1909f56bfc062723c751e8b465ee728b)
Start importing Assets/Resources/dollar.png using Guid(6000be1f154414b179a1f59db497dad0) Importer(815301076,1909f56bfc062723c751e8b465ee728b)  -> (artifact id: '1622f0ed2161bed3d2b122d44aab8ff1') in 0.053251 seconds 
  Import took 0.057874 seconds .

========================================================================
Received Import Request.
  Time since last request: 0.000586 seconds.
  path: Assets/Resources/HalfHeart.jpg
  artifactKey: Guid(84f7b58953d78344aaa99b9b34d6067c) Importer(815301076,1909f56bfc062723c751e8b465ee728b)
Start importing Assets/Resources/HalfHeart.jpg using Guid(84f7b58953d78344aaa99b9b34d6067c) Importer(815301076,1909f56bfc062723c751e8b465ee728b)  -> (artifact id: 'ac4752c7ee831dbaca0c4ea9a9ef8890') in 0.074043 seconds 
  Import took 0.081252 seconds .

========================================================================
Received Prepare
Registering precompiled user dll's ...
Registered in 0.006334 seconds.
Begin MonoManager ReloadAssembly
Native extension for WindowsStandalone target not found
Native extension for OSXStandalone target not found
Refreshing native plugins compatible for Editor in 0.70 ms, found 2 plugins.
Preloading 0 native plugins for Editor in 0.00 ms.
Mono: successfully reloaded assembly
- Completed reload, in  2.458 seconds
Domain Reload Profiling:
	ReloadAssembly (2459ms)
		BeginReloadAssembly (213ms)
			ExecutionOrderSort (0ms)
			DisableScriptedObjects (7ms)
			BackupInstance (0ms)
			ReleaseScriptingObjects (0ms)
			CreateAndSetChildDomain (65ms)
		EndReloadAssembly (2100ms)
			LoadAssemblies (170ms)
			RebuildTransferFunctionScriptingTraits (0ms)
			SetupTypeCache (600ms)
			ReleaseScriptCaches (1ms)
			RebuildScriptCaches (72ms)
			SetupLoadedEditorAssemblies (969ms)
				LogAssemblyErrors (0ms)
				InitializePlatformSupportModulesInManaged (16ms)
				SetLoadedEditorAssemblies (2ms)
				RefreshPlugins (1ms)
				BeforeProcessingInitializeOnLoad (118ms)
				ProcessInitializeOnLoadAttributes (815ms)
				ProcessInitializeOnLoadMethodAttributes (7ms)
				AfterProcessingInitializeOnLoad (11ms)
				EditorAssembliesLoaded (0ms)
			ExecutionOrderSort2 (0ms)
			AwakeInstancesAfterBackupRestoration (11ms)
Platform modules already initialized, skipping
Refreshing native plugins compatible for Editor in 0.45 ms, found 2 plugins.
Preloading 0 native plugins for Editor in 0.00 ms.
Unloading 1401 Unused Serialized files (Serialized files now loaded: 0)
System memory in use before: 68.1 MB.
System memory in use after: 68.2 MB.

Unloading 13 unused Assets to reduce memory usage. Loaded Objects now: 1860.
Total: 5.194800 ms (FindLiveObjects: 0.256600 ms CreateObjectMapping: 0.086900 ms MarkObjects: 4.819000 ms  DeleteObjects: 0.029500 ms)

AssetImportParameters requested are different than current active one (requested -> active):
  custom:framework-win-MediaFoundation: 216162199b28c13a410421893ffa2e32 -> 
  custom:video-decoder-ogg-theora: a1e56fd34408186e4bbccfd4996cb3dc -> 
  custom:container-muxer-webm: aa71ff27fc2769a1b78a27578f13a17b -> 
  custom:container-demuxer-webm: 4f35f7cbe854078d1ac9338744f61a02 -> 
  custom:container-demuxer-ogg: 62fdf1f143b41e24485cea50d1cbac27 -> 
  custom:video-encoder-webm-vp8: eb34c28f22e8b96e1ab97ce403110664 -> 
  custom:video-decoder-webm-vp8: 9c59270c3fd7afecdb556c50c9e8de78 -> 
  custom:audio-decoder-ogg-vorbis: bf7c407c2cedff20999df2af8eb42d56 -> 
  custom:audio-encoder-webm-vorbis: bf7c407c2cedff20999df2af8eb42d56 -> 
AssetImportWorkerClient::OnTransportError - code=2 error=End of file
